#
# There is insufficient memory for the Java Runtime Environment to continue.
# Native memory allocation (malloc) failed to allocate 1048576 bytes for AllocateHeap
# Possible reasons:
#   The system is out of physical RAM or swap space
#   In 32 bit mode, the process size limit was hit
# Possible solutions:
#   Reduce memory load on the system
#   Increase physical memory or swap space
#   Check if swap backing store is full
#   Use 64 bit Java on a 64 bit OS
#   Decrease Java heap size (-Xmx/-Xms)
#   Decrease number of Java threads
#   Decrease Java thread stack sizes (-Xss)
#   Set larger code cache with -XX:ReservedCodeCacheSize=
# This output file may be truncated or incomplete.
#
#  Out of Memory Error (memory/allocation.inline.hpp:61), pid=21556, tid=0x0000000000003908
#
# JRE version:  (8.0_112-b06) (build )
# Java VM: OpenJDK 64-Bit Server VM (25.112-b06 mixed mode windows-amd64 compressed oops)
# Failed to write core dump. Minidumps are not enabled by default on client versions of Windows
#

---------------  T H R E A D  ---------------

Current thread (0x00000000027ad800):  JavaThread "Unknown thread" [_thread_in_vm, id=14600, stack(0x00000000027b0000,0x00000000028b0000)]

Stack: [0x00000000027b0000,0x00000000028b0000]
[error occurred during error reporting (printing stack bounds), id 0xc0000005]

Native frames: (J=compiled Java code, j=interpreted, Vv=VM code, C=native code)


---------------  P R O C E S S  ---------------

Java Threads: ( => current thread )

Other Threads:

=>0x00000000027ad800 (exited) JavaThread "Unknown thread" [_thread_in_vm, id=14600, stack(0x00000000027b0000,0x00000000028b0000)]

VM state:not at safepoint (normal execution)

VM Mutex/Monitor currently owned by a thread: None

Heap:
 PSYoungGen      total 38400K, used 665K [0x00000000eab00000, 0x00000000ed580000, 0x0000000100000000)
  eden space 33280K, 2% used [0x00000000eab00000,0x00000000eaba6670,0x00000000ecb80000)
  from space 5120K, 0% used [0x00000000ed080000,0x00000000ed080000,0x00000000ed580000)
  to   space 5120K, 0% used [0x00000000ecb80000,0x00000000ecb80000,0x00000000ed080000)
 ParOldGen       total 87552K, used 0K [0x00000000c0000000, 0x00000000c5580000, 0x00000000eab00000)
  object space 87552K, 0% used [0x00000000c0000000,0x00000000c0000000,0x00000000c5580000)
 Metaspace       used 772K, capacity 4480K, committed 4480K, reserved 1056768K
  class space    used 73K, capacity 384K, committed 384K, reserved 1048576K

Card table byte_map: [0x0000000011d70000,0x0000000011f80000] byte_map_base: 0x0000000011770000

Marking Bits: (ParMarkBitMap*) 0x0000000069d518f0
 Begin Bits: [0x00000000124e0000, 0x00000000134e0000)
 End Bits:   [0x00000000134e0000, 0x00000000144e0000)

Polling page: 0x0000000000f40000

CodeCache: size=245760Kb used=328Kb max_used=328Kb free=245431Kb
 bounds [0x00000000029b0000, 0x0000000002c20000, 0x00000000119b0000]
 total_blobs=57 nmethods=0 adapters=38
 compilation: enabled

Compilation events (0 events):
No events

GC Heap History (0 events):
No events

Deoptimization events (0 events):
No events

Internal exceptions (0 events):
No events

Events (10 events):
Event: 0.357 loading class java/lang/Short
Event: 0.357 loading class java/lang/Short done
Event: 0.357 loading class java/lang/Integer
Event: 0.358 loading class java/lang/Integer done
Event: 0.358 loading class java/lang/Long
Event: 0.358 loading class java/lang/Long done
Event: 0.359 loading class java/lang/NullPointerException
Event: 0.359 loading class java/lang/NullPointerException done
Event: 0.359 loading class java/lang/ArithmeticException
Event: 0.359 loading class java/lang/ArithmeticException done


Dynamic libraries:
0x00007ff7a03c0000 - 0x00007ff7a03f1000 	C:\Program Files\Android\Android Studio\jre\bin\java.exe
0x00007ffa4e8d0000 - 0x00007ffa4eaab000 	C:\WINDOWS\SYSTEM32\ntdll.dll
0x00007ffa4e5f0000 - 0x00007ffa4e69e000 	C:\WINDOWS\System32\KERNEL32.DLL
0x00007ffa4afd0000 - 0x00007ffa4b219000 	C:\WINDOWS\System32\KERNELBASE.dll
0x00007ffa4ca70000 - 0x00007ffa4cb11000 	C:\WINDOWS\System32\ADVAPI32.dll
0x00007ffa4c280000 - 0x00007ffa4c31d000 	C:\WINDOWS\System32\msvcrt.dll
0x00007ffa4e210000 - 0x00007ffa4e269000 	C:\WINDOWS\System32\sechost.dll
0x00007ffa4cbe0000 - 0x00007ffa4cd05000 	C:\WINDOWS\System32\RPCRT4.dll
0x00007ffa4c320000 - 0x00007ffa4c46a000 	C:\WINDOWS\System32\USER32.dll
0x00007ffa4aea0000 - 0x00007ffa4aebe000 	C:\WINDOWS\System32\win32u.dll
0x00007ffa4c960000 - 0x00007ffa4c987000 	C:\WINDOWS\System32\GDI32.dll
0x00007ffa4bca0000 - 0x00007ffa4be28000 	C:\WINDOWS\System32\gdi32full.dll
0x00007ffa4af30000 - 0x00007ffa4afca000 	C:\WINDOWS\System32\msvcp_win.dll
0x00007ffa4b220000 - 0x00007ffa4b316000 	C:\WINDOWS\System32\ucrtbase.dll
0x00007ffa3e660000 - 0x00007ffa3e8c7000 	C:\WINDOWS\WinSxS\amd64_microsoft.windows.common-controls_6595b64144ccf1df_6.0.15063.483_none_26002d27e7c744a2\COMCTL32.dll
0x00007ffa4e280000 - 0x00007ffa4e579000 	C:\WINDOWS\System32\combase.dll
0x00007ffa4aec0000 - 0x00007ffa4af2a000 	C:\WINDOWS\System32\bcryptPrimitives.dll
0x00007ffa4ca40000 - 0x00007ffa4ca6d000 	C:\WINDOWS\System32\IMM32.DLL
0x00000000694b0000 - 0x0000000069582000 	C:\Program Files\Android\Android Studio\jre\jre\bin\msvcr100.dll
0x0000000069590000 - 0x0000000069dcc000 	C:\Program Files\Android\Android Studio\jre\jre\bin\server\jvm.dll
0x00007ffa4c4f0000 - 0x00007ffa4c4f8000 	C:\WINDOWS\System32\PSAPI.DLL
0x00007ffa478e0000 - 0x00007ffa478e9000 	C:\WINDOWS\SYSTEM32\WSOCK32.dll
0x00007ffa4e580000 - 0x00007ffa4e5ec000 	C:\WINDOWS\System32\WS2_32.dll
0x00007ffa49390000 - 0x00007ffa493b3000 	C:\WINDOWS\SYSTEM32\WINMM.dll
0x00007ffa42b00000 - 0x00007ffa42b0a000 	C:\WINDOWS\SYSTEM32\VERSION.dll
0x00007ffa49330000 - 0x00007ffa4935b000 	C:\WINDOWS\SYSTEM32\WINMMBASE.dll
0x00007ffa4ae50000 - 0x00007ffa4ae99000 	C:\WINDOWS\System32\cfgmgr32.dll
0x00007ffa477f0000 - 0x00007ffa477ff000 	C:\Program Files\Android\Android Studio\jre\jre\bin\verify.dll
0x00007ffa32920000 - 0x00007ffa32949000 	C:\Program Files\Android\Android Studio\jre\jre\bin\java.dll
0x00007ffa461d0000 - 0x00007ffa461e6000 	C:\Program Files\Android\Android Studio\jre\jre\bin\zip.dll

VM Arguments:
jvm_args: -Djava.awt.headless=true -Xmx1024M -Dfile.encoding=windows-1252 -Duser.country=US -Duser.language=en -Duser.variant 
java_command: com.android.dx.command.Main --dex --num-threads=4 --output D:\ftc_app-master\ftc_app-master\TeamCode\build\intermediates\pre-dexed\debug\support-annotations-23.4.0_b2e3ce6ba85f39fe12c72358d6e0d768ea86aedb.jar C:\Users\kanet\.android\build-cache\da9e9795e212306fa6eddc59389a9aefc10ec30d\output\jars\libs\support-annotations-23.4.0.jar
java_class_path (initial): C:\Users\kanet\AppData\Local\Android\sdk\build-tools\25.0.3\lib\dx.jar
Launcher Type: SUN_STANDARD

Environment Variables:
PATH=C:\ProgramData\Oracle\Java\javapath;C:\Program Files (x86)\Intel\iCLS Client\;C:\Program Files\Intel\iCLS Client\;C:\Windows\system32;C:\Windows;C:\Windows\System32\Wbem;C:\Windows\System32\WindowsPowerShell\v1.0\;C:\Program Files (x86)\NVIDIA Corporation\PhysX\Common;C:\Program Files (x86)\Intel\Intel(R) Management Engine Components\DAL;C:\Program Files\Intel\Intel(R) Management Engine Components\DAL;C:\Program Files (x86)\Intel\Intel(R) Management Engine Components\IPT;C:\Program Files\Intel\Intel(R) Management Engine Components\IPT;C:\WINDOWS\system32;C:\WINDOWS;C:\WINDOWS\System32\Wbem;C:\WINDOWS\System32\WindowsPowerShell\v1.0\;C:\Program Files (x86)\Windows Live\Shared;C:\Program Files\PuTTY\;C:\Program Files\Microsoft SQL Server\130\Tools\Binn\;C:\Program Files\Common Files\Autodesk Shared\;C:\Program Files (x86)\Skype\Phone\;C:\Program Files\Intel\WiFi\bin\;C:\Program Files\Common Files\Intel\WirelessCommon\;C:\Users\kanet\AppData\Local\Microsoft\WindowsApps;;E:\Microsoft VS Code\bin
USERNAME=Kanet
OS=Windows_NT
PROCESSOR_IDENTIFIER=Intel64 Family 6 Model 78 Stepping 3, GenuineIntel



---------------  S Y S T E M  ---------------

OS: Windows 10.0 , 64 bit Build 15063 (10.0.15063.296)

CPU:total 4 (2 cores per cpu, 2 threads per core) family 6 model 78 stepping 3, cmov, cx8, fxsr, mmx, sse, sse2, sse3, ssse3, sse4.1, sse4.2, popcnt, avx, avx2, aes, clmul, erms, 3dnowpref, lzcnt, ht, tsc, tscinvbit, bmi1, bmi2, adx

Memory: 4k page, physical 8281160k(788472k free), swap 11666820k(3224k free)

vm_info: OpenJDK 64-Bit Server VM (25.112-b06) for windows-amd64 JRE (1.8.0_112-release-b06), built on Dec  8 2016 00:54:26 by "builder" with MS VC++ 10.0 (VS2010)

time: Sun Oct 08 12:01:31 2017
elapsed time: 0 seconds (0d 0h 0m 0s)

